running egg_info
creating ../build/my_robot_tutorials/my_robot_tutorials.egg-info
writing ../build/my_robot_tutorials/my_robot_tutorials.egg-info/PKG-INFO
writing dependency_links to ../build/my_robot_tutorials/my_robot_tutorials.egg-info/dependency_links.txt
writing entry points to ../build/my_robot_tutorials/my_robot_tutorials.egg-info/entry_points.txt
writing requirements to ../build/my_robot_tutorials/my_robot_tutorials.egg-info/requires.txt
writing top-level names to ../build/my_robot_tutorials/my_robot_tutorials.egg-info/top_level.txt
writing manifest file '../build/my_robot_tutorials/my_robot_tutorials.egg-info/SOURCES.txt'
reading manifest file '../build/my_robot_tutorials/my_robot_tutorials.egg-info/SOURCES.txt'
writing manifest file '../build/my_robot_tutorials/my_robot_tutorials.egg-info/SOURCES.txt'
running build
running build_py
creating /home/ubuntu/MomoRobot/ros2/build/my_robot_tutorials/build
creating /home/ubuntu/MomoRobot/ros2/build/my_robot_tutorials/build/lib
creating /home/ubuntu/MomoRobot/ros2/build/my_robot_tutorials/build/lib/my_robot_tutorials
copying my_robot_tutorials/__init__.py -> /home/ubuntu/MomoRobot/ros2/build/my_robot_tutorials/build/lib/my_robot_tutorials
copying my_robot_tutorials/py_python_node.py -> /home/ubuntu/MomoRobot/ros2/build/my_robot_tutorials/build/lib/my_robot_tutorials
running install
running install_lib
creating /home/ubuntu/MomoRobot/ros2/install/my_robot_tutorials/lib/python3.8/site-packages/my_robot_tutorials
copying /home/ubuntu/MomoRobot/ros2/build/my_robot_tutorials/build/lib/my_robot_tutorials/__init__.py -> /home/ubuntu/MomoRobot/ros2/install/my_robot_tutorials/lib/python3.8/site-packages/my_robot_tutorials
copying /home/ubuntu/MomoRobot/ros2/build/my_robot_tutorials/build/lib/my_robot_tutorials/py_python_node.py -> /home/ubuntu/MomoRobot/ros2/install/my_robot_tutorials/lib/python3.8/site-packages/my_robot_tutorials
byte-compiling /home/ubuntu/MomoRobot/ros2/install/my_robot_tutorials/lib/python3.8/site-packages/my_robot_tutorials/__init__.py to __init__.cpython-38.pyc
byte-compiling /home/ubuntu/MomoRobot/ros2/install/my_robot_tutorials/lib/python3.8/site-packages/my_robot_tutorials/py_python_node.py to py_python_node.cpython-38.pyc
running install_data
creating /home/ubuntu/MomoRobot/ros2/install/my_robot_tutorials/share/ament_index
creating /home/ubuntu/MomoRobot/ros2/install/my_robot_tutorials/share/ament_index/resource_index
creating /home/ubuntu/MomoRobot/ros2/install/my_robot_tutorials/share/ament_index/resource_index/packages
copying resource/my_robot_tutorials -> /home/ubuntu/MomoRobot/ros2/install/my_robot_tutorials/share/ament_index/resource_index/packages
copying package.xml -> /home/ubuntu/MomoRobot/ros2/install/my_robot_tutorials/share/my_robot_tutorials
running install_egg_info
Copying ../build/my_robot_tutorials/my_robot_tutorials.egg-info to /home/ubuntu/MomoRobot/ros2/install/my_robot_tutorials/lib/python3.8/site-packages/my_robot_tutorials-0.0.0-py3.8.egg-info
running install_scripts
Installing minimal_python_node script to /home/ubuntu/MomoRobot/ros2/install/my_robot_tutorials/lib/my_robot_tutorials
writing list of installed files to '/home/ubuntu/MomoRobot/ros2/build/my_robot_tutorials/install.log'
