[1.179s] DEBUG:colcon:Command line arguments: ['/usr/bin/colcon', 'build', '--packages-select', 'my_robot_tutorials']
[1.180s] DEBUG:colcon:Parsed command line arguments: Namespace(ament_cmake_args=None, base_paths=['.'], build_base='build', catkin_cmake_args=None, catkin_skip_building_tests=False, cmake_args=None, cmake_clean_cache=False, cmake_clean_first=False, cmake_force_configure=False, cmake_target=None, cmake_target_skip_unavailable=False, continue_on_error=False, event_handlers=None, executor='parallel', ignore_user_meta=False, install_base='install', log_base=None, log_level=None, main=<bound method BuildVerb.main of <colcon_core.verb.build.BuildVerb object at 0xffffb3083d60>>, merge_install=False, metas=['./colcon.meta'], packages_above=None, packages_above_and_dependencies=None, packages_above_depth=None, packages_end=None, packages_ignore=None, packages_ignore_regex=None, packages_select=['my_robot_tutorials'], packages_select_build_failed=False, packages_select_by_dep=None, packages_select_regex=None, packages_select_test_failures=False, packages_skip=None, packages_skip_build_finished=False, packages_skip_by_dep=None, packages_skip_regex=None, packages_skip_test_passed=False, packages_skip_up_to=None, packages_start=None, packages_up_to=None, packages_up_to_regex=None, parallel_workers=4, paths=None, symlink_install=False, test_result_base=None, verb_extension=<colcon_core.verb.build.BuildVerb object at 0xffffb3083d60>, verb_name='build', verb_parser=<colcon_defaults.argument_parser.defaults.DefaultArgumentsDecorator object at 0xffffb308b310>)
[1.222s] Level 1:colcon.colcon_core.package_discovery:discover_packages(colcon_meta) check parameters
[1.222s] Level 1:colcon.colcon_core.package_discovery:discover_packages(recursive) check parameters
[1.223s] Level 1:colcon.colcon_core.package_discovery:discover_packages(ignore) check parameters
[1.223s] Level 1:colcon.colcon_core.package_discovery:discover_packages(path) check parameters
[1.223s] Level 1:colcon.colcon_core.package_discovery:discover_packages(colcon_meta) discover
[1.224s] Level 1:colcon.colcon_core.package_discovery:discover_packages(recursive) discover
[1.224s] INFO:colcon.colcon_core.package_discovery:Crawling recursively for packages in '/home/ubuntu/MomoRobot/ros2'
[1.225s] Level 1:colcon.colcon_core.package_identification:_identify(.) by extensions ['ignore', 'ignore_ament_install']
[1.226s] Level 1:colcon.colcon_core.package_identification:_identify(.) by extension 'ignore'
[1.227s] Level 1:colcon.colcon_core.package_identification:_identify(.) by extension 'ignore_ament_install'
[1.227s] Level 1:colcon.colcon_core.package_identification:_identify(.) by extensions ['colcon_pkg']
[1.228s] Level 1:colcon.colcon_core.package_identification:_identify(.) by extension 'colcon_pkg'
[1.228s] Level 1:colcon.colcon_core.package_identification:_identify(.) by extensions ['colcon_meta']
[1.228s] Level 1:colcon.colcon_core.package_identification:_identify(.) by extension 'colcon_meta'
[1.229s] Level 1:colcon.colcon_core.package_identification:_identify(.) by extensions ['ros']
[1.229s] Level 1:colcon.colcon_core.package_identification:_identify(.) by extension 'ros'
[1.275s] Level 1:colcon.colcon_core.package_identification:_identify(.) by extensions ['cmake', 'python']
[1.275s] Level 1:colcon.colcon_core.package_identification:_identify(.) by extension 'cmake'
[1.276s] Level 1:colcon.colcon_core.package_identification:_identify(.) by extension 'python'
[1.276s] Level 1:colcon.colcon_core.package_identification:_identify(.) by extensions ['python_setup_py']
[1.276s] Level 1:colcon.colcon_core.package_identification:_identify(.) by extension 'python_setup_py'
[1.277s] Level 1:colcon.colcon_core.package_identification:_identify(build) by extensions ['ignore', 'ignore_ament_install']
[1.278s] Level 1:colcon.colcon_core.package_identification:_identify(build) by extension 'ignore'
[1.278s] Level 1:colcon.colcon_core.package_identification:_identify(build) ignored
[1.279s] Level 1:colcon.colcon_core.package_identification:_identify(install) by extensions ['ignore', 'ignore_ament_install']
[1.279s] Level 1:colcon.colcon_core.package_identification:_identify(install) by extension 'ignore'
[1.280s] Level 1:colcon.colcon_core.package_identification:_identify(install) ignored
[1.281s] Level 1:colcon.colcon_core.package_identification:_identify(log) by extensions ['ignore', 'ignore_ament_install']
[1.281s] Level 1:colcon.colcon_core.package_identification:_identify(log) by extension 'ignore'
[1.282s] Level 1:colcon.colcon_core.package_identification:_identify(log) ignored
[1.282s] Level 1:colcon.colcon_core.package_identification:_identify(my_robot_tutorials) by extensions ['ignore', 'ignore_ament_install']
[1.283s] Level 1:colcon.colcon_core.package_identification:_identify(my_robot_tutorials) by extension 'ignore'
[1.283s] Level 1:colcon.colcon_core.package_identification:_identify(my_robot_tutorials) by extension 'ignore_ament_install'
[1.283s] Level 1:colcon.colcon_core.package_identification:_identify(my_robot_tutorials) by extensions ['colcon_pkg']
[1.284s] Level 1:colcon.colcon_core.package_identification:_identify(my_robot_tutorials) by extension 'colcon_pkg'
[1.284s] Level 1:colcon.colcon_core.package_identification:_identify(my_robot_tutorials) by extensions ['colcon_meta']
[1.284s] Level 1:colcon.colcon_core.package_identification:_identify(my_robot_tutorials) by extension 'colcon_meta'
[1.284s] Level 1:colcon.colcon_core.package_identification:_identify(my_robot_tutorials) by extensions ['ros']
[1.284s] Level 1:colcon.colcon_core.package_identification:_identify(my_robot_tutorials) by extension 'ros'
[1.295s] DEBUG:colcon.colcon_core.package_identification:Package 'my_robot_tutorials' with type 'ros.ament_python' and name 'my_robot_tutorials'
[1.296s] Level 1:colcon.colcon_core.package_discovery:discover_packages(recursive) using defaults
[1.296s] Level 1:colcon.colcon_core.package_discovery:discover_packages(ignore) discover
[1.296s] Level 1:colcon.colcon_core.package_discovery:discover_packages(ignore) using defaults
[1.296s] Level 1:colcon.colcon_core.package_discovery:discover_packages(path) discover
[1.296s] Level 1:colcon.colcon_core.package_discovery:discover_packages(path) using defaults
[1.394s] Level 5:colcon.colcon_core.verb:set package 'my_robot_tutorials' build argument 'cmake_args' from command line to 'None'
[1.395s] Level 5:colcon.colcon_core.verb:set package 'my_robot_tutorials' build argument 'cmake_target' from command line to 'None'
[1.395s] Level 5:colcon.colcon_core.verb:set package 'my_robot_tutorials' build argument 'cmake_target_skip_unavailable' from command line to 'False'
[1.395s] Level 5:colcon.colcon_core.verb:set package 'my_robot_tutorials' build argument 'cmake_clean_cache' from command line to 'False'
[1.395s] Level 5:colcon.colcon_core.verb:set package 'my_robot_tutorials' build argument 'cmake_clean_first' from command line to 'False'
[1.395s] Level 5:colcon.colcon_core.verb:set package 'my_robot_tutorials' build argument 'cmake_force_configure' from command line to 'False'
[1.395s] Level 5:colcon.colcon_core.verb:set package 'my_robot_tutorials' build argument 'ament_cmake_args' from command line to 'None'
[1.396s] Level 5:colcon.colcon_core.verb:set package 'my_robot_tutorials' build argument 'catkin_cmake_args' from command line to 'None'
[1.396s] Level 5:colcon.colcon_core.verb:set package 'my_robot_tutorials' build argument 'catkin_skip_building_tests' from command line to 'False'
[1.396s] DEBUG:colcon.colcon_core.verb:Building package 'my_robot_tutorials' with the following arguments: {'ament_cmake_args': None, 'build_base': '/home/ubuntu/MomoRobot/ros2/build/my_robot_tutorials', 'catkin_cmake_args': None, 'catkin_skip_building_tests': False, 'cmake_args': None, 'cmake_clean_cache': False, 'cmake_clean_first': False, 'cmake_force_configure': False, 'cmake_target': None, 'cmake_target_skip_unavailable': False, 'install_base': '/home/ubuntu/MomoRobot/ros2/install/my_robot_tutorials', 'merge_install': False, 'path': '/home/ubuntu/MomoRobot/ros2/my_robot_tutorials', 'symlink_install': False, 'test_result_base': None}
[1.398s] INFO:colcon.colcon_core.executor:Executing jobs using 'parallel' executor
[1.406s] DEBUG:colcon.colcon_parallel_executor.executor.parallel:run_until_complete
[1.408s] INFO:colcon.colcon_ros.task.ament_python.build:Building ROS package in '/home/ubuntu/MomoRobot/ros2/my_robot_tutorials' with build type 'ament_python'
[1.408s] Level 1:colcon.colcon_core.shell:create_environment_hook('my_robot_tutorials', 'ament_prefix_path')
[1.437s] INFO:colcon.colcon_core.plugin_system:Skipping extension 'colcon_core.shell.bat': Not used on non-Windows systems
[1.439s] INFO:colcon.colcon_core.shell:Creating environment hook '/home/ubuntu/MomoRobot/ros2/install/my_robot_tutorials/share/my_robot_tutorials/hook/ament_prefix_path.ps1'
[1.444s] INFO:colcon.colcon_core.shell:Creating environment descriptor '/home/ubuntu/MomoRobot/ros2/install/my_robot_tutorials/share/my_robot_tutorials/hook/ament_prefix_path.dsv'
[1.447s] INFO:colcon.colcon_core.shell:Creating environment hook '/home/ubuntu/MomoRobot/ros2/install/my_robot_tutorials/share/my_robot_tutorials/hook/ament_prefix_path.sh'
[1.453s] INFO:colcon.colcon_core.shell:Skip shell extension 'powershell' for command environment: Not usable outside of PowerShell
[1.453s] DEBUG:colcon.colcon_core.shell:Skip shell extension 'dsv' for command environment
[1.470s] DEBUG:colcon.colcon_core.shell:Ignoring prefix path '/opt/ros/foxy'
[2.328s] INFO:colcon.colcon_core.task.python.build:Building Python package in '/home/ubuntu/MomoRobot/ros2/my_robot_tutorials'
[2.331s] INFO:colcon.colcon_core.shell:Skip shell extension 'powershell' for command environment: Not usable outside of PowerShell
[2.332s] DEBUG:colcon.colcon_core.shell:Skip shell extension 'dsv' for command environment
[2.340s] DEBUG:colcon.colcon_core.shell:Ignoring prefix path '/opt/ros/foxy'
[2.365s] DEBUG:colcon.colcon_core.event_handler.log_command:Invoking command in '/home/ubuntu/MomoRobot/ros2/my_robot_tutorials': PYTHONPATH=/home/ubuntu/MomoRobot/ros2/install/my_robot_tutorials/lib/python3.8/site-packages:${PYTHONPATH} /usr/bin/python3 setup.py egg_info --egg-base ../build/my_robot_tutorials build --build-base /home/ubuntu/MomoRobot/ros2/build/my_robot_tutorials/build install --prefix /home/ubuntu/MomoRobot/ros2/install/my_robot_tutorials --record /home/ubuntu/MomoRobot/ros2/build/my_robot_tutorials/install.log --single-version-externally-managed
[3.629s] DEBUG:colcon.colcon_core.event_handler.log_command:Invoked command in '/home/ubuntu/MomoRobot/ros2/my_robot_tutorials' returned '0': PYTHONPATH=/home/ubuntu/MomoRobot/ros2/install/my_robot_tutorials/lib/python3.8/site-packages:${PYTHONPATH} /usr/bin/python3 setup.py egg_info --egg-base ../build/my_robot_tutorials build --build-base /home/ubuntu/MomoRobot/ros2/build/my_robot_tutorials/build install --prefix /home/ubuntu/MomoRobot/ros2/install/my_robot_tutorials --record /home/ubuntu/MomoRobot/ros2/build/my_robot_tutorials/install.log --single-version-externally-managed
[3.659s] Level 1:colcon.colcon_core.environment:checking '/home/ubuntu/MomoRobot/ros2/install/my_robot_tutorials' for CMake module files
[3.662s] Level 1:colcon.colcon_core.environment:checking '/home/ubuntu/MomoRobot/ros2/install/my_robot_tutorials' for CMake config files
[3.666s] Level 1:colcon.colcon_core.environment:checking '/home/ubuntu/MomoRobot/ros2/install/my_robot_tutorials/lib'
[3.667s] Level 1:colcon.colcon_core.environment:checking '/home/ubuntu/MomoRobot/ros2/install/my_robot_tutorials/bin'
[3.667s] Level 1:colcon.colcon_core.environment:checking '/home/ubuntu/MomoRobot/ros2/install/my_robot_tutorials/lib/pkgconfig/my_robot_tutorials.pc'
[3.668s] Level 1:colcon.colcon_core.environment:checking '/home/ubuntu/MomoRobot/ros2/install/my_robot_tutorials/lib/python3.8/site-packages'
[3.668s] Level 1:colcon.colcon_core.shell:create_environment_hook('my_robot_tutorials', 'pythonpath')
[3.671s] INFO:colcon.colcon_core.shell:Creating environment hook '/home/ubuntu/MomoRobot/ros2/install/my_robot_tutorials/share/my_robot_tutorials/hook/pythonpath.ps1'
[3.673s] INFO:colcon.colcon_core.shell:Creating environment descriptor '/home/ubuntu/MomoRobot/ros2/install/my_robot_tutorials/share/my_robot_tutorials/hook/pythonpath.dsv'
[3.675s] INFO:colcon.colcon_core.shell:Creating environment hook '/home/ubuntu/MomoRobot/ros2/install/my_robot_tutorials/share/my_robot_tutorials/hook/pythonpath.sh'
[3.677s] Level 1:colcon.colcon_core.environment:create_environment_scripts_only(my_robot_tutorials)
[3.680s] INFO:colcon.colcon_core.shell:Creating package script '/home/ubuntu/MomoRobot/ros2/install/my_robot_tutorials/share/my_robot_tutorials/package.ps1'
[3.685s] INFO:colcon.colcon_core.shell:Creating package descriptor '/home/ubuntu/MomoRobot/ros2/install/my_robot_tutorials/share/my_robot_tutorials/package.dsv'
[3.689s] INFO:colcon.colcon_core.shell:Creating package script '/home/ubuntu/MomoRobot/ros2/install/my_robot_tutorials/share/my_robot_tutorials/package.sh'
[3.693s] INFO:colcon.colcon_core.shell:Creating package script '/home/ubuntu/MomoRobot/ros2/install/my_robot_tutorials/share/my_robot_tutorials/package.bash'
[3.699s] INFO:colcon.colcon_core.shell:Creating package script '/home/ubuntu/MomoRobot/ros2/install/my_robot_tutorials/share/my_robot_tutorials/package.zsh'
[3.703s] Level 1:colcon.colcon_core.environment:create_file_with_runtime_dependencies(/home/ubuntu/MomoRobot/ros2/install/my_robot_tutorials/share/colcon-core/packages/my_robot_tutorials)
[3.705s] DEBUG:colcon.colcon_parallel_executor.executor.parallel:closing loop
[3.707s] DEBUG:colcon.colcon_parallel_executor.executor.parallel:loop closed
[3.707s] DEBUG:colcon.colcon_parallel_executor.executor.parallel:run_until_complete finished with '0'
[3.708s] DEBUG:colcon.colcon_core.event_reactor:joining thread
[3.739s] INFO:colcon.colcon_core.plugin_system:Skipping extension 'colcon_notification.desktop_notification.notify_send': Could not find 'notify-send'
[3.739s] INFO:colcon.colcon_core.plugin_system:Skipping extension 'colcon_notification.desktop_notification.terminal_notifier': Not used on non-Darwin systems
[3.740s] INFO:colcon.colcon_core.plugin_system:Skipping extension 'colcon_notification.desktop_notification.win32': Not used on non-Windows systems
[3.740s] INFO:colcon.colcon_notification.desktop_notification:Sending desktop notification using 'notify2'
[3.740s] DEBUG:colcon.colcon_notification.desktop_notification.notify2:Failed to initialize notify2: org.freedesktop.DBus.Error.NotSupported: Unable to autolaunch a dbus-daemon without a $DISPLAY for X11
[3.741s] DEBUG:colcon.colcon_core.event_reactor:joined thread
[3.743s] INFO:colcon.colcon_core.shell:Creating prefix script '/home/ubuntu/MomoRobot/ros2/install/local_setup.ps1'
[3.748s] INFO:colcon.colcon_core.shell:Creating prefix util module '/home/ubuntu/MomoRobot/ros2/install/_local_setup_util_ps1.py'
[3.755s] INFO:colcon.colcon_core.shell:Creating prefix chain script '/home/ubuntu/MomoRobot/ros2/install/setup.ps1'
[3.765s] INFO:colcon.colcon_core.shell:Creating prefix script '/home/ubuntu/MomoRobot/ros2/install/local_setup.sh'
[3.768s] INFO:colcon.colcon_core.shell:Creating prefix util module '/home/ubuntu/MomoRobot/ros2/install/_local_setup_util_sh.py'
[3.771s] INFO:colcon.colcon_core.shell:Creating prefix chain script '/home/ubuntu/MomoRobot/ros2/install/setup.sh'
[3.782s] INFO:colcon.colcon_core.shell:Creating prefix script '/home/ubuntu/MomoRobot/ros2/install/local_setup.bash'
[3.786s] INFO:colcon.colcon_core.shell:Creating prefix chain script '/home/ubuntu/MomoRobot/ros2/install/setup.bash'
[3.796s] INFO:colcon.colcon_core.shell:Creating prefix script '/home/ubuntu/MomoRobot/ros2/install/local_setup.zsh'
[3.800s] INFO:colcon.colcon_core.shell:Creating prefix chain script '/home/ubuntu/MomoRobot/ros2/install/setup.zsh'
